2017-02-19 17:53:57,816 [main] DEBUG: edu.cmu.ri.createlab.terk.application.TerkApplication: TerkApplication.TerkApplication()
2017-02-19 17:53:57,816 [main] INFO : edu.cmu.ri.createlab.terk.application.TerkApplication: TerkApplication.TerkApplication(): System property [terk-application.connection-strategy.class.name] is not defined.  Attempting to use default [edu.cmu.ri.createlab.terk.robot.finch.LocalFinchConnectionStrategy] implementation class instead.
2017-02-19 17:53:57,825 [main] DEBUG: edu.cmu.ri.createlab.terk.application.TerkApplication: TerkApplication.TerkApplication(): successfully instantiated ConnectionStrategy implementation class [edu.cmu.ri.createlab.terk.robot.finch.LocalFinchConnectionStrategy]
2017-02-19 17:53:58,298 [main] DEBUG: edu.cmu.ri.createlab.device.connectivity.BaseCreateLabDeviceConnectivityManager: BaseCreateLabDeviceConnectivityManager: scanAndConnectWorkhorseRunnable.run()
2017-02-19 17:53:58,298 [main] DEBUG: edu.cmu.ri.createlab.device.connectivity.BaseCreateLabDeviceConnectivityManager: BaseCreateLabDeviceConnectivityManager.disconnect()
2017-02-19 17:53:58,298 [main] DEBUG: edu.cmu.ri.createlab.terk.robot.finch.LocalFinchConnectionStrategy: LocalFinchConnectionStrategy.handleConnectionStateChange(): OLD [Disconnected]  NEW [Disconnected]  port []
2017-02-19 17:53:58,299 [BaseCreateLabDeviceConnectivityManager.executorService pool-1-thread-1] DEBUG: edu.cmu.ri.createlab.device.connectivity.BaseCreateLabDeviceConnectivityManager: CreateLabDeviceConnectivityManagerImpl$DeviceScanner.run()
2017-02-19 17:53:58,299 [BaseCreateLabDeviceConnectivityManager.executorService pool-1-thread-1] DEBUG: edu.cmu.ri.createlab.terk.robot.finch.LocalFinchConnectionStrategy: LocalFinchConnectionStrategy.handleConnectionStateChange(): OLD [Disconnected]  NEW [Scanning]  port []
2017-02-19 17:53:58,305 [BaseCreateLabDeviceConnectivityManager.executorService pool-1-thread-1] DEBUG: edu.cmu.ri.createlab.terk.robot.finch.DefaultFinchController: DefaultFinchController.create(): creating HID device for vendor ID [2354] and product ID [1111]
2017-02-19 18:04:43,713 [main] DEBUG: edu.cmu.ri.createlab.terk.application.TerkApplication: TerkApplication.TerkApplication()
2017-02-19 18:04:43,714 [main] INFO : edu.cmu.ri.createlab.terk.application.TerkApplication: TerkApplication.TerkApplication(): System property [terk-application.connection-strategy.class.name] is not defined.  Attempting to use default [edu.cmu.ri.createlab.terk.robot.finch.LocalFinchConnectionStrategy] implementation class instead.
2017-02-19 18:04:43,722 [main] DEBUG: edu.cmu.ri.createlab.terk.application.TerkApplication: TerkApplication.TerkApplication(): successfully instantiated ConnectionStrategy implementation class [edu.cmu.ri.createlab.terk.robot.finch.LocalFinchConnectionStrategy]
2017-02-19 18:04:44,093 [main] DEBUG: edu.cmu.ri.createlab.device.connectivity.BaseCreateLabDeviceConnectivityManager: BaseCreateLabDeviceConnectivityManager: scanAndConnectWorkhorseRunnable.run()
2017-02-19 18:04:44,093 [main] DEBUG: edu.cmu.ri.createlab.device.connectivity.BaseCreateLabDeviceConnectivityManager: BaseCreateLabDeviceConnectivityManager.disconnect()
2017-02-19 18:04:44,093 [main] DEBUG: edu.cmu.ri.createlab.terk.robot.finch.LocalFinchConnectionStrategy: LocalFinchConnectionStrategy.handleConnectionStateChange(): OLD [Disconnected]  NEW [Disconnected]  port []
2017-02-19 18:04:44,094 [BaseCreateLabDeviceConnectivityManager.executorService pool-1-thread-1] DEBUG: edu.cmu.ri.createlab.device.connectivity.BaseCreateLabDeviceConnectivityManager: CreateLabDeviceConnectivityManagerImpl$DeviceScanner.run()
2017-02-19 18:04:44,094 [BaseCreateLabDeviceConnectivityManager.executorService pool-1-thread-1] DEBUG: edu.cmu.ri.createlab.terk.robot.finch.LocalFinchConnectionStrategy: LocalFinchConnectionStrategy.handleConnectionStateChange(): OLD [Disconnected]  NEW [Scanning]  port []
2017-02-19 18:04:44,100 [BaseCreateLabDeviceConnectivityManager.executorService pool-1-thread-1] DEBUG: edu.cmu.ri.createlab.terk.robot.finch.DefaultFinchController: DefaultFinchController.create(): creating HID device for vendor ID [2354] and product ID [1111]
2017-02-19 18:06:01,464 [main] DEBUG: edu.cmu.ri.createlab.terk.application.TerkApplication: TerkApplication.TerkApplication()
2017-02-19 18:06:01,465 [main] INFO : edu.cmu.ri.createlab.terk.application.TerkApplication: TerkApplication.TerkApplication(): System property [terk-application.connection-strategy.class.name] is not defined.  Attempting to use default [edu.cmu.ri.createlab.terk.robot.finch.LocalFinchConnectionStrategy] implementation class instead.
2017-02-19 18:06:01,473 [main] DEBUG: edu.cmu.ri.createlab.terk.application.TerkApplication: TerkApplication.TerkApplication(): successfully instantiated ConnectionStrategy implementation class [edu.cmu.ri.createlab.terk.robot.finch.LocalFinchConnectionStrategy]
2017-02-19 18:06:01,836 [main] DEBUG: edu.cmu.ri.createlab.device.connectivity.BaseCreateLabDeviceConnectivityManager: BaseCreateLabDeviceConnectivityManager: scanAndConnectWorkhorseRunnable.run()
2017-02-19 18:06:01,836 [main] DEBUG: edu.cmu.ri.createlab.device.connectivity.BaseCreateLabDeviceConnectivityManager: BaseCreateLabDeviceConnectivityManager.disconnect()
2017-02-19 18:06:01,836 [main] DEBUG: edu.cmu.ri.createlab.terk.robot.finch.LocalFinchConnectionStrategy: LocalFinchConnectionStrategy.handleConnectionStateChange(): OLD [Disconnected]  NEW [Disconnected]  port []
2017-02-19 18:06:01,837 [BaseCreateLabDeviceConnectivityManager.executorService pool-1-thread-1] DEBUG: edu.cmu.ri.createlab.device.connectivity.BaseCreateLabDeviceConnectivityManager: CreateLabDeviceConnectivityManagerImpl$DeviceScanner.run()
2017-02-19 18:06:01,837 [BaseCreateLabDeviceConnectivityManager.executorService pool-1-thread-1] DEBUG: edu.cmu.ri.createlab.terk.robot.finch.LocalFinchConnectionStrategy: LocalFinchConnectionStrategy.handleConnectionStateChange(): OLD [Disconnected]  NEW [Scanning]  port []
2017-02-19 18:06:01,843 [BaseCreateLabDeviceConnectivityManager.executorService pool-1-thread-1] DEBUG: edu.cmu.ri.createlab.terk.robot.finch.DefaultFinchController: DefaultFinchController.create(): creating HID device for vendor ID [2354] and product ID [1111]
2017-02-19 18:08:53,054 [main] DEBUG: edu.cmu.ri.createlab.terk.application.TerkApplication: TerkApplication.TerkApplication()
2017-02-19 18:08:53,055 [main] INFO : edu.cmu.ri.createlab.terk.application.TerkApplication: TerkApplication.TerkApplication(): System property [terk-application.connection-strategy.class.name] is not defined.  Attempting to use default [edu.cmu.ri.createlab.terk.robot.finch.LocalFinchConnectionStrategy] implementation class instead.
2017-02-19 18:08:53,064 [main] DEBUG: edu.cmu.ri.createlab.terk.application.TerkApplication: TerkApplication.TerkApplication(): successfully instantiated ConnectionStrategy implementation class [edu.cmu.ri.createlab.terk.robot.finch.LocalFinchConnectionStrategy]
2017-02-19 18:08:53,410 [main] DEBUG: edu.cmu.ri.createlab.device.connectivity.BaseCreateLabDeviceConnectivityManager: BaseCreateLabDeviceConnectivityManager: scanAndConnectWorkhorseRunnable.run()
2017-02-19 18:08:53,410 [main] DEBUG: edu.cmu.ri.createlab.device.connectivity.BaseCreateLabDeviceConnectivityManager: BaseCreateLabDeviceConnectivityManager.disconnect()
2017-02-19 18:08:53,410 [main] DEBUG: edu.cmu.ri.createlab.terk.robot.finch.LocalFinchConnectionStrategy: LocalFinchConnectionStrategy.handleConnectionStateChange(): OLD [Disconnected]  NEW [Disconnected]  port []
2017-02-19 18:08:53,411 [BaseCreateLabDeviceConnectivityManager.executorService pool-1-thread-1] DEBUG: edu.cmu.ri.createlab.device.connectivity.BaseCreateLabDeviceConnectivityManager: CreateLabDeviceConnectivityManagerImpl$DeviceScanner.run()
2017-02-19 18:08:53,411 [BaseCreateLabDeviceConnectivityManager.executorService pool-1-thread-1] DEBUG: edu.cmu.ri.createlab.terk.robot.finch.LocalFinchConnectionStrategy: LocalFinchConnectionStrategy.handleConnectionStateChange(): OLD [Disconnected]  NEW [Scanning]  port []
2017-02-19 18:08:53,417 [BaseCreateLabDeviceConnectivityManager.executorService pool-1-thread-1] DEBUG: edu.cmu.ri.createlab.terk.robot.finch.DefaultFinchController: DefaultFinchController.create(): creating HID device for vendor ID [2354] and product ID [1111]
2017-02-19 18:11:32,166 [main] DEBUG: edu.cmu.ri.createlab.terk.application.TerkApplication: TerkApplication.TerkApplication()
2017-02-19 18:11:32,167 [main] INFO : edu.cmu.ri.createlab.terk.application.TerkApplication: TerkApplication.TerkApplication(): System property [terk-application.connection-strategy.class.name] is not defined.  Attempting to use default [edu.cmu.ri.createlab.terk.robot.finch.LocalFinchConnectionStrategy] implementation class instead.
2017-02-19 18:11:32,174 [main] DEBUG: edu.cmu.ri.createlab.terk.application.TerkApplication: TerkApplication.TerkApplication(): successfully instantiated ConnectionStrategy implementation class [edu.cmu.ri.createlab.terk.robot.finch.LocalFinchConnectionStrategy]
2017-02-19 18:11:32,600 [main] DEBUG: edu.cmu.ri.createlab.device.connectivity.BaseCreateLabDeviceConnectivityManager: BaseCreateLabDeviceConnectivityManager: scanAndConnectWorkhorseRunnable.run()
2017-02-19 18:11:32,600 [main] DEBUG: edu.cmu.ri.createlab.device.connectivity.BaseCreateLabDeviceConnectivityManager: BaseCreateLabDeviceConnectivityManager.disconnect()
2017-02-19 18:11:32,600 [main] DEBUG: edu.cmu.ri.createlab.terk.robot.finch.LocalFinchConnectionStrategy: LocalFinchConnectionStrategy.handleConnectionStateChange(): OLD [Disconnected]  NEW [Disconnected]  port []
2017-02-19 18:11:32,601 [BaseCreateLabDeviceConnectivityManager.executorService pool-1-thread-1] DEBUG: edu.cmu.ri.createlab.device.connectivity.BaseCreateLabDeviceConnectivityManager: CreateLabDeviceConnectivityManagerImpl$DeviceScanner.run()
2017-02-19 18:11:32,601 [BaseCreateLabDeviceConnectivityManager.executorService pool-1-thread-1] DEBUG: edu.cmu.ri.createlab.terk.robot.finch.LocalFinchConnectionStrategy: LocalFinchConnectionStrategy.handleConnectionStateChange(): OLD [Disconnected]  NEW [Scanning]  port []
2017-02-19 18:11:32,606 [BaseCreateLabDeviceConnectivityManager.executorService pool-1-thread-1] DEBUG: edu.cmu.ri.createlab.terk.robot.finch.DefaultFinchController: DefaultFinchController.create(): creating HID device for vendor ID [2354] and product ID [1111]
